[debug] [2025-07-06T07:43:52.886Z] ----------------------------------------------------------------------
[debug] [2025-07-06T07:43:52.888Z] Command:       D:\Program Files\nodejs\node.exe C:\Users\USER\AppData\Roaming\npm\node_modules\firebase-tools\lib\bin\firebase.js deploy --only functions
[debug] [2025-07-06T07:43:52.889Z] CLI Version:   14.9.0
[debug] [2025-07-06T07:43:52.889Z] Platform:      win32
[debug] [2025-07-06T07:43:52.889Z] Node Version:  v22.12.0
[debug] [2025-07-06T07:43:52.889Z] Time:          Sun Jul 06 2025 13:13:52 GMT+0530 (India Standard Time)
[debug] [2025-07-06T07:43:52.889Z] ----------------------------------------------------------------------
[debug] 
[debug] [2025-07-06T07:43:53.067Z] Object "/hosting" in "firebase.json" has unknown property: {"additionalProperty":"errorHandlers"}
[debug] [2025-07-06T07:43:53.067Z] Field "/hosting" in "firebase.json" is possibly invalid: must be array
[debug] [2025-07-06T07:43:53.067Z] Field "/hosting" in "firebase.json" is possibly invalid: must match a schema in anyOf
[debug] [2025-07-06T07:43:53.072Z] > command requires scopes: ["email","openid","https://www.googleapis.com/auth/cloudplatformprojects.readonly","https://www.googleapis.com/auth/firebase","https://www.googleapis.com/auth/cloud-platform"]
[debug] [2025-07-06T07:43:53.072Z] > authorizing via signed-in user (dilmithseniru@gmail.com)
[debug] [2025-07-06T07:43:53.072Z] [iam] checking project dreamy-delights-882ff for permissions ["cloudfunctions.functions.create","cloudfunctions.functions.delete","cloudfunctions.functions.get","cloudfunctions.functions.list","cloudfunctions.functions.update","cloudfunctions.operations.get","firebase.projects.get"]
[debug] [2025-07-06T07:43:53.073Z] Checked if tokens are valid: true, expires at: 1751790837599
[debug] [2025-07-06T07:43:53.073Z] Checked if tokens are valid: true, expires at: 1751790837599
[debug] [2025-07-06T07:43:53.074Z] >>> [apiv2][query] POST https://cloudresourcemanager.googleapis.com/v1/projects/dreamy-delights-882ff:testIamPermissions [none]
[debug] [2025-07-06T07:43:53.074Z] >>> [apiv2][(partial)header] POST https://cloudresourcemanager.googleapis.com/v1/projects/dreamy-delights-882ff:testIamPermissions x-goog-quota-user=projects/dreamy-delights-882ff
[debug] [2025-07-06T07:43:53.074Z] >>> [apiv2][body] POST https://cloudresourcemanager.googleapis.com/v1/projects/dreamy-delights-882ff:testIamPermissions {"permissions":["cloudfunctions.functions.create","cloudfunctions.functions.delete","cloudfunctions.functions.get","cloudfunctions.functions.list","cloudfunctions.functions.update","cloudfunctions.operations.get","firebase.projects.get"]}
[debug] [2025-07-06T07:43:54.251Z] <<< [apiv2][status] POST https://cloudresourcemanager.googleapis.com/v1/projects/dreamy-delights-882ff:testIamPermissions 200
[debug] [2025-07-06T07:43:54.251Z] <<< [apiv2][body] POST https://cloudresourcemanager.googleapis.com/v1/projects/dreamy-delights-882ff:testIamPermissions {"permissions":["cloudfunctions.functions.create","cloudfunctions.functions.delete","cloudfunctions.functions.get","cloudfunctions.functions.list","cloudfunctions.functions.update","cloudfunctions.operations.get","firebase.projects.get"]}
[debug] [2025-07-06T07:43:54.252Z] Checked if tokens are valid: true, expires at: 1751790837599
[debug] [2025-07-06T07:43:54.252Z] Checked if tokens are valid: true, expires at: 1751790837599
[debug] [2025-07-06T07:43:54.252Z] >>> [apiv2][query] POST https://iam.googleapis.com/v1/projects/dreamy-delights-882ff/serviceAccounts/dreamy-delights-882ff@appspot.gserviceaccount.com:testIamPermissions [none]
[debug] [2025-07-06T07:43:54.252Z] >>> [apiv2][body] POST https://iam.googleapis.com/v1/projects/dreamy-delights-882ff/serviceAccounts/dreamy-delights-882ff@appspot.gserviceaccount.com:testIamPermissions {"permissions":["iam.serviceAccounts.actAs"]}
[debug] [2025-07-06T07:43:55.626Z] <<< [apiv2][status] POST https://iam.googleapis.com/v1/projects/dreamy-delights-882ff/serviceAccounts/dreamy-delights-882ff@appspot.gserviceaccount.com:testIamPermissions 200
[debug] [2025-07-06T07:43:55.627Z] <<< [apiv2][body] POST https://iam.googleapis.com/v1/projects/dreamy-delights-882ff/serviceAccounts/dreamy-delights-882ff@appspot.gserviceaccount.com:testIamPermissions {"permissions":["iam.serviceAccounts.actAs"]}
[info] 
[info] === Deploying to 'dreamy-delights-882ff'...
[info] 
[info] i  deploying functions 
[info] +  functions: Finished running predeploy script. 
[debug] [2025-07-06T07:43:55.631Z] Checked if tokens are valid: true, expires at: 1751790837599
[debug] [2025-07-06T07:43:55.631Z] Checked if tokens are valid: true, expires at: 1751790837599
[debug] [2025-07-06T07:43:55.631Z] >>> [apiv2][query] GET https://cloudresourcemanager.googleapis.com/v1/projects/dreamy-delights-882ff [none]
[debug] [2025-07-06T07:43:55.915Z] <<< [apiv2][status] GET https://cloudresourcemanager.googleapis.com/v1/projects/dreamy-delights-882ff 200
[debug] [2025-07-06T07:43:55.916Z] <<< [apiv2][body] GET https://cloudresourcemanager.googleapis.com/v1/projects/dreamy-delights-882ff {"projectNumber":"797569802450","projectId":"dreamy-delights-882ff","lifecycleState":"ACTIVE","name":"Dreamy Delights","labels":{"firebase":"enabled","firebase-core":"disabled"},"createTime":"2025-06-20T17:55:43.367244Z"}
[info] i  functions: preparing codebase default for deployment 
[info] i  functions: ensuring required API cloudfunctions.googleapis.com is enabled... 
[info] i  functions: ensuring required API cloudbuild.googleapis.com is enabled... 
[info] i  artifactregistry: ensuring required API artifactregistry.googleapis.com is enabled... 
[debug] [2025-07-06T07:43:55.918Z] Checked if tokens are valid: true, expires at: 1751790837599
[debug] [2025-07-06T07:43:55.918Z] Checked if tokens are valid: true, expires at: 1751790837599
[debug] [2025-07-06T07:43:55.918Z] >>> [apiv2][query] GET https://firebase.googleapis.com/v1beta1/projects/dreamy-delights-882ff/adminSdkConfig [none]
[debug] [2025-07-06T07:43:56.745Z] <<< [apiv2][status] GET https://firebase.googleapis.com/v1beta1/projects/dreamy-delights-882ff/adminSdkConfig 200
[debug] [2025-07-06T07:43:56.745Z] <<< [apiv2][body] GET https://firebase.googleapis.com/v1beta1/projects/dreamy-delights-882ff/adminSdkConfig {"projectId":"dreamy-delights-882ff","storageBucket":"dreamy-delights-882ff.firebasestorage.app"}
[debug] [2025-07-06T07:43:56.745Z] Checked if tokens are valid: true, expires at: 1751790837599
[debug] [2025-07-06T07:43:56.745Z] Checked if tokens are valid: true, expires at: 1751790837599
[debug] [2025-07-06T07:43:56.745Z] >>> [apiv2][query] GET https://runtimeconfig.googleapis.com/v1beta1/projects/dreamy-delights-882ff/configs [none]
[debug] [2025-07-06T07:43:57.132Z] <<< [apiv2][status] GET https://runtimeconfig.googleapis.com/v1beta1/projects/dreamy-delights-882ff/configs 200
[debug] [2025-07-06T07:43:57.132Z] <<< [apiv2][body] GET https://runtimeconfig.googleapis.com/v1beta1/projects/dreamy-delights-882ff/configs {"configs":[{"name":"projects/dreamy-delights-882ff/configs/fb"},{"name":"projects/dreamy-delights-882ff/configs/google"}]}
[debug] [2025-07-06T07:43:57.132Z] Checked if tokens are valid: true, expires at: 1751790837599
[debug] [2025-07-06T07:43:57.132Z] Checked if tokens are valid: true, expires at: 1751790837599
[debug] [2025-07-06T07:43:57.132Z] Checked if tokens are valid: true, expires at: 1751790837599
[debug] [2025-07-06T07:43:57.132Z] Checked if tokens are valid: true, expires at: 1751790837599
[debug] [2025-07-06T07:43:57.132Z] >>> [apiv2][query] GET https://runtimeconfig.googleapis.com/v1beta1/projects/dreamy-delights-882ff/configs/fb/variables [none]
[debug] [2025-07-06T07:43:57.133Z] >>> [apiv2][query] GET https://runtimeconfig.googleapis.com/v1beta1/projects/dreamy-delights-882ff/configs/google/variables [none]
[debug] [2025-07-06T07:43:57.577Z] <<< [apiv2][status] GET https://runtimeconfig.googleapis.com/v1beta1/projects/dreamy-delights-882ff/configs/google/variables 200
[debug] [2025-07-06T07:43:57.577Z] <<< [apiv2][body] GET https://runtimeconfig.googleapis.com/v1beta1/projects/dreamy-delights-882ff/configs/google/variables {}
[debug] [2025-07-06T07:43:57.594Z] <<< [apiv2][status] GET https://runtimeconfig.googleapis.com/v1beta1/projects/dreamy-delights-882ff/configs/fb/variables 200
[debug] [2025-07-06T07:43:57.594Z] <<< [apiv2][body] GET https://runtimeconfig.googleapis.com/v1beta1/projects/dreamy-delights-882ff/configs/fb/variables {}
[debug] [2025-07-06T07:43:57.595Z] Validating nodejs source
[debug] [2025-07-06T07:43:58.375Z] > [functions] package.json contents: {
  "name": "functions",
  "description": "Cloud Functions for Firebase",
  "scripts": {
    "lint": "eslint .",
    "serve": "firebase emulators:start --only functions",
    "shell": "firebase functions:shell",
    "start": "npm run shell",
    "deploy": "firebase deploy --only functions",
    "logs": "firebase functions:log"
  },
  "engines": {
    "node": "22"
  },
  "main": "index.js",
  "dependencies": {
    "bcryptjs": "^3.0.2",
    "cors": "^2.8.5",
    "dotenv": "^17.0.1",
    "express": "^5.1.0",
    "firebase-admin": "^12.6.0",
    "firebase-functions": "^6.0.1",
    "form-data": "^4.0.3",
    "google-auth-library": "^10.1.0",
    "jsonwebtoken": "^9.0.2",
    "multer": "^2.0.1",
    "nodemailer": "^7.0.4",
    "uuid": "^11.1.0"
  },
  "devDependencies": {
    "@types/multer": "^1.4.13",
    "eslint": "^8.15.0",
    "eslint-config-google": "^0.14.0",
    "firebase": "^11.10.0",
    "firebase-functions-test": "^3.1.0"
  },
  "private": true
}
[debug] [2025-07-06T07:43:58.375Z] Building nodejs source
[info] i  functions: Loading and analyzing source code for codebase default to determine what to deploy 
[debug] [2025-07-06T07:43:58.376Z] Could not find functions.yaml. Must use http discovery
[debug] [2025-07-06T07:43:58.384Z] Found firebase-functions binary at 'E:\Libraries\Documents\Github\Dreamy-Delights\functions\node_modules\.bin\firebase-functions'
[info] Serving at port 8166

[info] [dotenv@17.0.1] injecting env (22) from .env – [tip] encrypt with dotenvx: https://dotenvx.com

[info] Initializing Firebase Admin SDK with storage bucket from env

[debug] [2025-07-06T07:43:59.068Z] Got response from /__/functions.yaml {"endpoints":{"api":{"availableMemoryMb":null,"timeoutSeconds":null,"minInstances":null,"maxInstances":null,"ingressSettings":null,"concurrency":null,"serviceAccountEmail":null,"vpc":null,"platform":"gcfv2","labels":{},"httpsTrigger":{},"entryPoint":"api"},"loginWithEmail":{"availableMemoryMb":null,"timeoutSeconds":null,"minInstances":null,"maxInstances":null,"ingressSettings":null,"concurrency":null,"serviceAccountEmail":null,"vpc":null,"platform":"gcfv2","labels":{},"callableTrigger":{},"entryPoint":"loginWithEmail"},"loginWithGoogle":{"availableMemoryMb":null,"timeoutSeconds":null,"minInstances":null,"maxInstances":null,"ingressSettings":null,"concurrency":null,"serviceAccountEmail":null,"vpc":null,"platform":"gcfv2","labels":{},"callableTrigger":{},"entryPoint":"loginWithGoogle"},"registerWithEmail":{"availableMemoryMb":null,"timeoutSeconds":null,"minInstances":null,"maxInstances":null,"ingressSettings":null,"concurrency":null,"serviceAccountEmail":null,"vpc":null,"platform":"gcfv2","labels":{},"callableTrigger":{},"entryPoint":"registerWithEmail"},"logout":{"availableMemoryMb":null,"timeoutSeconds":null,"minInstances":null,"maxInstances":null,"ingressSettings":null,"concurrency":null,"serviceAccountEmail":null,"vpc":null,"platform":"gcfv2","labels":{},"callableTrigger":{},"entryPoint":"logout"},"getCurrentUser":{"availableMemoryMb":null,"timeoutSeconds":null,"minInstances":null,"maxInstances":null,"ingressSettings":null,"concurrency":null,"serviceAccountEmail":null,"vpc":null,"platform":"gcfv2","labels":{},"callableTrigger":{},"entryPoint":"getCurrentUser"},"refreshToken":{"availableMemoryMb":null,"timeoutSeconds":null,"minInstances":null,"maxInstances":null,"ingressSettings":null,"concurrency":null,"serviceAccountEmail":null,"vpc":null,"platform":"gcfv2","labels":{},"callableTrigger":{},"entryPoint":"refreshToken"},"setUserRole":{"availableMemoryMb":null,"timeoutSeconds":null,"minInstances":null,"maxInstances":null,"ingressSettings":null,"concurrency":null,"serviceAccountEmail":null,"vpc":null,"platform":"gcfv2","labels":{},"callableTrigger":{},"entryPoint":"setUserRole"}},"specVersion":"v1alpha1","requiredAPIs":[],"extensions":{}}
